<?xml version="1.0" encoding="UTF-8"?><testsuite errors="0" failures="1" name="Register Usuario" skipped="0" tests="1" time="28.58" timestamp="2022-08-21 10:51:01"><testcase name="User successfully created"><failure message="Expected enabled element was not enabled" type="net.thucydides.core.webdriver.exceptions.ElementShouldBeEnabledException">Expected enabled element was not enabled</failure><system-err>Expected enabled element was not enabled&#13;
com.utest.reto.tasks.Login.performAs(Login.java:21)&#13;
com.utest.reto.stepdefinitions.RegisterUserStepDefinitions.thanMichelInTheHomePage(RegisterUserStepDefinitions.java:21)&#13;
cucumber.runner.Runner.runPickle(Runner.java:80)&#13;
worker.org.gradle.process.internal.worker.GradleWorkerMain.run(GradleWorkerMain.java:69)&#13;
worker.org.gradle.process.internal.worker.GradleWorkerMain.main(GradleWorkerMain.java:74)&#13;
</system-err></testcase></testsuite>